<?xml version="1.0" encoding="utf-8"?>
<CoverageSession xmlns:xsd="http://www.w3.org/2001/XMLSchema" xmlns:xsi="http://www.w3.org/2001/XMLSchema-instance" Version="4.6.0.0">
  <Summary numSequencePoints="149" visitedSequencePoints="23" numBranchPoints="56" visitedBranchPoints="3" sequenceCoverage="15.44" branchCoverage="5.36" maxCyclomaticComplexity="7" minCyclomaticComplexity="1" maxCrapScore="56" minCrapScore="1" visitedClasses="2" numClasses="9" visitedMethods="3" numMethods="28" />
  <Modules>
    <Module hash="4F-84-AC-1C-E5-1E-1D-3E-13-05-95-62-CA-8D-4B-28-92-25-1F-DF">
      <Summary numSequencePoints="4" visitedSequencePoints="4" numBranchPoints="1" visitedBranchPoints="1" sequenceCoverage="100" branchCoverage="100" maxCyclomaticComplexity="1" minCyclomaticComplexity="1" maxCrapScore="2" minCrapScore="1" visitedClasses="1" numClasses="1" visitedMethods="1" numMethods="1" />
      <ModulePath>D:\Users\mario\source\repos\SamplePortsWpf\Tests\bin\Debug\Tests.dll</ModulePath>
      <ModuleTime>2017-08-17T12:04:58.7289045Z</ModuleTime>
      <ModuleName>Tests</ModuleName>
      <Files>
        <File uid="1" fullPath="D:\Users\mario\source\repos\SamplePortsWpf\Tests\Test.cs" />
      </Files>
      <Classes>
        <Class>
          <Summary numSequencePoints="4" visitedSequencePoints="4" numBranchPoints="1" visitedBranchPoints="1" sequenceCoverage="100" branchCoverage="100" maxCyclomaticComplexity="1" minCyclomaticComplexity="1" maxCrapScore="2" minCrapScore="1" visitedClasses="1" numClasses="1" visitedMethods="1" numMethods="1" />
          <FullName>Tests.Test</FullName>
          <Methods>
            <Method visited="true" cyclomaticComplexity="1" nPathComplexity="0" sequenceCoverage="100" branchCoverage="100" crapScore="1" isConstructor="false" isStatic="false" isGetter="false" isSetter="false">
              <Summary numSequencePoints="4" visitedSequencePoints="4" numBranchPoints="1" visitedBranchPoints="1" sequenceCoverage="100" branchCoverage="100" maxCyclomaticComplexity="1" minCyclomaticComplexity="1" maxCrapScore="1" minCrapScore="1" visitedClasses="0" numClasses="0" visitedMethods="1" numMethods="1" />
              <MetadataToken>100663297</MetadataToken>
              <Name>System.Void Tests.Test::AsyncPortNameShouldReturnExpectedValue()</Name>
              <FileRef uid="1" />
              <SequencePoints>
                <SequencePoint vc="1" uspid="1" ordinal="0" offset="0" sl="10" sc="9" el="10" ec="10" bec="0" bev="0" fileid="1">
                  <TrackedMethodRefs>
                    <TrackedMethodRef uid="1" vc="1" />
                  </TrackedMethodRefs>
                </SequencePoint>
                <SequencePoint vc="1" uspid="2" ordinal="1" offset="1" sl="12" sc="13" el="12" ec="48" bec="0" bev="0" fileid="1">
                  <TrackedMethodRefs>
                    <TrackedMethodRef uid="1" vc="1" />
                  </TrackedMethodRefs>
                </SequencePoint>
                <SequencePoint vc="1" uspid="3" ordinal="2" offset="12" sl="14" sc="13" el="14" ec="47" bec="0" bev="0" fileid="1">
                  <TrackedMethodRefs>
                    <TrackedMethodRef uid="1" vc="1" />
                  </TrackedMethodRefs>
                </SequencePoint>
                <SequencePoint vc="1" uspid="4" ordinal="3" offset="29" sl="15" sc="9" el="15" ec="10" bec="0" bev="0" fileid="1">
                  <TrackedMethodRefs>
                    <TrackedMethodRef uid="1" vc="1" />
                  </TrackedMethodRefs>
                </SequencePoint>
              </SequencePoints>
              <BranchPoints />
              <MethodPoint xsi:type="SequencePoint" vc="1" uspid="1" ordinal="0" offset="0" sl="10" sc="9" el="10" ec="10" bec="0" bev="0" fileid="1">
                <TrackedMethodRefs>
                  <TrackedMethodRef uid="1" vc="1" />
                </TrackedMethodRefs>
              </MethodPoint>
            </Method>
            <Method visited="false" cyclomaticComplexity="1" nPathComplexity="0" sequenceCoverage="0" branchCoverage="0" crapScore="2" isConstructor="true" isStatic="false" isGetter="false" isSetter="false">
              <Summary numSequencePoints="0" visitedSequencePoints="0" numBranchPoints="0" visitedBranchPoints="0" sequenceCoverage="0" branchCoverage="0" maxCyclomaticComplexity="1" minCyclomaticComplexity="1" maxCrapScore="2" minCrapScore="2" visitedClasses="0" numClasses="0" visitedMethods="0" numMethods="0" />
              <MetadataToken>100663298</MetadataToken>
              <Name>System.Void Tests.Test::.ctor()</Name>
              <SequencePoints />
              <BranchPoints />
              <MethodPoint vc="0" uspid="5" ordinal="0" offset="0" />
            </Method>
          </Methods>
        </Class>
      </Classes>
      <TrackedMethods>
        <TrackedMethod uid="1" token="100663297" name="System.Void Tests.Test::AsyncPortNameShouldReturnExpectedValue()" strategy="xUnitTest" />
      </TrackedMethods>
    </Module>
    <Module hash="F1-33-E2-F4-25-9F-DD-97-6D-D2-20-42-5F-98-56-F2-F2-84-98-67">
      <Summary numSequencePoints="145" visitedSequencePoints="19" numBranchPoints="55" visitedBranchPoints="2" sequenceCoverage="13.10" branchCoverage="3.64" maxCyclomaticComplexity="7" minCyclomaticComplexity="1" maxCrapScore="56" minCrapScore="2" visitedClasses="1" numClasses="8" visitedMethods="2" numMethods="27" />
      <ModulePath>D:\Users\mario\source\repos\SamplePortsWpf\Tests\bin\Debug\SamplePortsWpf.exe</ModulePath>
      <ModuleTime>2017-08-17T12:04:58.3138787Z</ModuleTime>
      <ModuleName>SamplePortsWpf</ModuleName>
      <Files>
        <File uid="3" fullPath="D:\Users\mario\source\repos\SamplePortsWpf\SamplePortsWpf\ReceivedDataEventArgs.cs" />
        <File uid="4" fullPath="D:\Users\mario\source\repos\SamplePortsWpf\SamplePortsWpf\ValueDialog.xaml.cs" />
        <File uid="5" fullPath="D:\Users\mario\source\repos\SamplePortsWpf\SamplePortsWpf\ValueDialog.xaml" />
        <File uid="7" fullPath="D:\Users\mario\source\repos\SamplePortsWpf\SamplePortsWpf\obj\Debug\App.g.cs" />
        <File uid="9" fullPath="D:\Users\mario\source\repos\SamplePortsWpf\SamplePortsWpf\AsyncPort.cs" />
        <File uid="10" fullPath="D:\Users\mario\source\repos\SamplePortsWpf\SamplePortsWpf\MainWindow.xaml.cs" />
        <File uid="11" fullPath="D:\Users\mario\source\repos\SamplePortsWpf\SamplePortsWpf\MainWindow.xaml" />
        <File uid="12" fullPath="D:\Users\mario\source\repos\SamplePortsWpf\SamplePortsWpf\Properties\Resources.Designer.cs" />
        <File uid="13" fullPath="D:\Users\mario\source\repos\SamplePortsWpf\SamplePortsWpf\Properties\Settings.Designer.cs" />
      </Files>
      <Classes>
        <Class>
          <Summary numSequencePoints="4" visitedSequencePoints="0" numBranchPoints="1" visitedBranchPoints="0" sequenceCoverage="0" branchCoverage="0" maxCyclomaticComplexity="1" minCyclomaticComplexity="1" maxCrapScore="2" minCrapScore="2" visitedClasses="0" numClasses="1" visitedMethods="0" numMethods="1" />
          <FullName>SamplePortsWpf.ReceivedDataEventArgs</FullName>
          <Methods>
            <Method skippedDueTo="AutoImplementedProperty" visited="false" cyclomaticComplexity="1" nPathComplexity="0" sequenceCoverage="0" branchCoverage="0" crapScore="0" isConstructor="false" isStatic="false" isGetter="true" isSetter="false">
              <MetadataToken>100663297</MetadataToken>
              <Name>System.String SamplePortsWpf.ReceivedDataEventArgs::get_Message()</Name>
              <FileRef uid="3" />
              <SequencePoints />
              <BranchPoints />
            </Method>
            <Method visited="false" cyclomaticComplexity="1" nPathComplexity="0" sequenceCoverage="0" branchCoverage="0" crapScore="2" isConstructor="true" isStatic="false" isGetter="false" isSetter="false">
              <Summary numSequencePoints="4" visitedSequencePoints="0" numBranchPoints="1" visitedBranchPoints="0" sequenceCoverage="0" branchCoverage="0" maxCyclomaticComplexity="1" minCyclomaticComplexity="1" maxCrapScore="2" minCrapScore="2" visitedClasses="0" numClasses="0" visitedMethods="0" numMethods="1" />
              <MetadataToken>100663298</MetadataToken>
              <Name>System.Void SamplePortsWpf.ReceivedDataEventArgs::.ctor(System.String)</Name>
              <FileRef uid="3" />
              <SequencePoints>
                <SequencePoint vc="0" uspid="6" ordinal="0" offset="0" sl="9" sc="9" el="9" ec="53" bec="0" bev="0" fileid="3" />
                <SequencePoint vc="0" uspid="7" ordinal="1" offset="7" sl="10" sc="9" el="10" ec="10" bec="0" bev="0" fileid="3" />
                <SequencePoint vc="0" uspid="8" ordinal="2" offset="8" sl="11" sc="13" el="11" ec="31" bec="0" bev="0" fileid="3" />
                <SequencePoint vc="0" uspid="9" ordinal="3" offset="15" sl="12" sc="9" el="12" ec="10" bec="0" bev="0" fileid="3" />
              </SequencePoints>
              <BranchPoints />
              <MethodPoint xsi:type="SequencePoint" vc="0" uspid="6" ordinal="0" offset="0" sl="9" sc="9" el="9" ec="53" bec="0" bev="0" fileid="3" />
            </Method>
          </Methods>
        </Class>
        <Class>
          <Summary numSequencePoints="20" visitedSequencePoints="0" numBranchPoints="7" visitedBranchPoints="0" sequenceCoverage="0" branchCoverage="0" maxCyclomaticComplexity="5" minCyclomaticComplexity="1" maxCrapScore="30" minCrapScore="2" visitedClasses="0" numClasses="1" visitedMethods="0" numMethods="5" />
          <FullName>SamplePortsWpf.ValueDialog</FullName>
          <Methods>
            <Method visited="false" cyclomaticComplexity="1" nPathComplexity="0" sequenceCoverage="0" branchCoverage="0" crapScore="2" isConstructor="true" isStatic="false" isGetter="false" isSetter="false">
              <Summary numSequencePoints="6" visitedSequencePoints="0" numBranchPoints="1" visitedBranchPoints="0" sequenceCoverage="0" branchCoverage="0" maxCyclomaticComplexity="1" minCyclomaticComplexity="1" maxCrapScore="2" minCrapScore="2" visitedClasses="0" numClasses="0" visitedMethods="0" numMethods="1" />
              <MetadataToken>100663299</MetadataToken>
              <Name>System.Void SamplePortsWpf.ValueDialog::.ctor(SamplePortsWpf.AsyncPort)</Name>
              <FileRef uid="4" />
              <SequencePoints>
                <SequencePoint vc="0" uspid="10" ordinal="0" offset="0" sl="16" sc="9" el="16" ec="43" bec="0" bev="0" fileid="4" />
                <SequencePoint vc="0" uspid="11" ordinal="1" offset="7" sl="17" sc="9" el="17" ec="10" bec="0" bev="0" fileid="4" />
                <SequencePoint vc="0" uspid="12" ordinal="2" offset="8" sl="18" sc="13" el="18" ec="26" bec="0" bev="0" fileid="4" />
                <SequencePoint vc="0" uspid="13" ordinal="3" offset="15" sl="19" sc="13" el="19" ec="35" bec="0" bev="0" fileid="4" />
                <SequencePoint vc="0" uspid="14" ordinal="4" offset="22" sl="20" sc="13" el="20" ec="32" bec="0" bev="0" fileid="4" />
                <SequencePoint vc="0" uspid="15" ordinal="5" offset="30" sl="21" sc="9" el="21" ec="10" bec="0" bev="0" fileid="4" />
              </SequencePoints>
              <BranchPoints />
              <MethodPoint xsi:type="SequencePoint" vc="0" uspid="10" ordinal="0" offset="0" sl="16" sc="9" el="16" ec="43" bec="0" bev="0" fileid="4" />
            </Method>
            <Method visited="false" cyclomaticComplexity="1" nPathComplexity="0" sequenceCoverage="0" branchCoverage="0" crapScore="2" isConstructor="false" isStatic="false" isGetter="false" isSetter="false">
              <Summary numSequencePoints="4" visitedSequencePoints="0" numBranchPoints="1" visitedBranchPoints="0" sequenceCoverage="0" branchCoverage="0" maxCyclomaticComplexity="1" minCyclomaticComplexity="1" maxCrapScore="2" minCrapScore="2" visitedClasses="0" numClasses="0" visitedMethods="0" numMethods="1" />
              <MetadataToken>100663300</MetadataToken>
              <Name>System.Void SamplePortsWpf.ValueDialog::TextBox_OnPreviewTextInputValidationTextBox(System.Object,System.Windows.Input.TextCompositionEventArgs)</Name>
              <FileRef uid="4" />
              <SequencePoints>
                <SequencePoint vc="0" uspid="16" ordinal="0" offset="0" sl="24" sc="9" el="24" ec="10" bec="0" bev="0" fileid="4" />
                <SequencePoint vc="0" uspid="17" ordinal="1" offset="1" sl="25" sc="13" el="25" ec="46" bec="0" bev="0" fileid="4" />
                <SequencePoint vc="0" uspid="18" ordinal="2" offset="12" sl="26" sc="13" el="26" ec="47" bec="0" bev="0" fileid="4" />
                <SequencePoint vc="0" uspid="19" ordinal="3" offset="31" sl="27" sc="9" el="27" ec="10" bec="0" bev="0" fileid="4" />
              </SequencePoints>
              <BranchPoints />
              <MethodPoint xsi:type="SequencePoint" vc="0" uspid="16" ordinal="0" offset="0" sl="24" sc="9" el="24" ec="10" bec="0" bev="0" fileid="4" />
            </Method>
            <Method visited="false" cyclomaticComplexity="2" nPathComplexity="2" sequenceCoverage="0" branchCoverage="0" crapScore="6" isConstructor="false" isStatic="false" isGetter="false" isSetter="false">
              <Summary numSequencePoints="7" visitedSequencePoints="0" numBranchPoints="3" visitedBranchPoints="0" sequenceCoverage="0" branchCoverage="0" maxCyclomaticComplexity="2" minCyclomaticComplexity="2" maxCrapScore="6" minCrapScore="6" visitedClasses="0" numClasses="0" visitedMethods="0" numMethods="1" />
              <MetadataToken>100663301</MetadataToken>
              <Name>System.Void SamplePortsWpf.ValueDialog::Button_OnClick(System.Object,System.Windows.RoutedEventArgs)</Name>
              <FileRef uid="4" />
              <SequencePoints>
                <SequencePoint vc="0" uspid="20" ordinal="0" offset="0" sl="30" sc="9" el="30" ec="10" bec="0" bev="0" fileid="4" />
                <SequencePoint vc="0" uspid="21" ordinal="1" offset="1" sl="31" sc="13" el="31" ec="38" bec="0" bev="0" fileid="4" />
                <SequencePoint vc="0" uspid="22" ordinal="2" offset="13" sl="33" sc="13" el="33" ec="118" bec="2" bev="0" fileid="4" />
                <SequencePoint vc="0" uspid="23" ordinal="3" offset="43" sl="34" sc="17" el="34" ec="24" bec="0" bev="0" fileid="4" />
                <SequencePoint vc="0" uspid="24" ordinal="4" offset="45" sl="36" sc="13" el="36" ec="35" bec="0" bev="0" fileid="4" />
                <SequencePoint vc="0" uspid="25" ordinal="5" offset="58" sl="37" sc="13" el="37" ec="21" bec="0" bev="0" fileid="4" />
                <SequencePoint vc="0" uspid="26" ordinal="6" offset="65" sl="38" sc="9" el="38" ec="10" bec="0" bev="0" fileid="4" />
              </SequencePoints>
              <BranchPoints>
                <BranchPoint vc="0" uspid="27" ordinal="0" offset="41" sl="33" path="0" offsetchain="43" offsetend="65" fileid="4" />
                <BranchPoint vc="0" uspid="28" ordinal="1" offset="41" sl="33" path="1" offsetend="45" fileid="4" />
              </BranchPoints>
              <MethodPoint xsi:type="SequencePoint" vc="0" uspid="20" ordinal="0" offset="0" sl="30" sc="9" el="30" ec="10" bec="0" bev="0" fileid="4" />
            </Method>
            <Method visited="false" cyclomaticComplexity="2" nPathComplexity="0" sequenceCoverage="0" branchCoverage="0" crapScore="6" isConstructor="false" isStatic="false" isGetter="false" isSetter="false">
              <Summary numSequencePoints="1" visitedSequencePoints="0" numBranchPoints="1" visitedBranchPoints="0" sequenceCoverage="0" branchCoverage="0" maxCyclomaticComplexity="2" minCyclomaticComplexity="2" maxCrapScore="6" minCrapScore="6" visitedClasses="0" numClasses="0" visitedMethods="0" numMethods="1" />
              <MetadataToken>100663302</MetadataToken>
              <Name>System.Void SamplePortsWpf.ValueDialog::InitializeComponent()</Name>
              <FileRef uid="5" />
              <SequencePoints>
                <SequencePoint vc="0" uspid="29" ordinal="0" offset="33" sl="1" sc="13" el="1" ec="77" bec="0" bev="0" fileid="5" />
              </SequencePoints>
              <BranchPoints />
              <MethodPoint vc="0" uspid="32" ordinal="0" offset="0" />
            </Method>
            <Method visited="false" cyclomaticComplexity="1" nPathComplexity="0" sequenceCoverage="0" branchCoverage="0" crapScore="2" isConstructor="false" isStatic="false" isGetter="false" isSetter="false">
              <Summary numSequencePoints="0" visitedSequencePoints="0" numBranchPoints="0" visitedBranchPoints="0" sequenceCoverage="0" branchCoverage="0" maxCyclomaticComplexity="1" minCyclomaticComplexity="1" maxCrapScore="2" minCrapScore="2" visitedClasses="0" numClasses="0" visitedMethods="0" numMethods="0" />
              <MetadataToken>100663303</MetadataToken>
              <Name>System.Delegate SamplePortsWpf.ValueDialog::_CreateDelegate(System.Type,System.String)</Name>
              <SequencePoints />
              <BranchPoints />
              <MethodPoint vc="0" uspid="33" ordinal="0" offset="0" />
            </Method>
            <Method visited="false" cyclomaticComplexity="5" nPathComplexity="0" sequenceCoverage="0" branchCoverage="0" crapScore="30" isConstructor="false" isStatic="false" isGetter="false" isSetter="false">
              <Summary numSequencePoints="2" visitedSequencePoints="0" numBranchPoints="1" visitedBranchPoints="0" sequenceCoverage="0" branchCoverage="0" maxCyclomaticComplexity="5" minCyclomaticComplexity="5" maxCrapScore="30" minCrapScore="30" visitedClasses="0" numClasses="0" visitedMethods="0" numMethods="1" />
              <MetadataToken>100663304</MetadataToken>
              <Name>System.Void SamplePortsWpf.ValueDialog::System.Windows.Markup.IComponentConnector.Connect(System.Int32,System.Object)</Name>
              <FileRef uid="5" />
              <SequencePoints>
                <SequencePoint vc="0" uspid="34" ordinal="0" offset="51" sl="12" sc="13" el="12" ec="149" bec="0" bev="0" fileid="5" />
                <SequencePoint vc="0" uspid="35" ordinal="1" offset="89" sl="36" sc="13" el="36" ec="93" bec="0" bev="0" fileid="5" />
              </SequencePoints>
              <BranchPoints />
              <MethodPoint vc="0" uspid="40" ordinal="0" offset="0" />
            </Method>
          </Methods>
        </Class>
        <Class>
          <Summary numSequencePoints="10" visitedSequencePoints="0" numBranchPoints="9" visitedBranchPoints="0" sequenceCoverage="0" branchCoverage="0" maxCyclomaticComplexity="7" minCyclomaticComplexity="1" maxCrapScore="56" minCrapScore="2" visitedClasses="0" numClasses="1" visitedMethods="0" numMethods="1" />
          <FullName>SamplePortsWpf.PortValidationRule</FullName>
          <Methods>
            <Method visited="false" cyclomaticComplexity="7" nPathComplexity="16" sequenceCoverage="0" branchCoverage="0" crapScore="56" isConstructor="false" isStatic="false" isGetter="false" isSetter="false">
              <Summary numSequencePoints="10" visitedSequencePoints="0" numBranchPoints="9" visitedBranchPoints="0" sequenceCoverage="0" branchCoverage="0" maxCyclomaticComplexity="7" minCyclomaticComplexity="7" maxCrapScore="56" minCrapScore="56" visitedClasses="0" numClasses="0" visitedMethods="0" numMethods="1" />
              <MetadataToken>100663305</MetadataToken>
              <Name>System.Windows.Controls.ValidationResult SamplePortsWpf.PortValidationRule::Validate(System.Object,System.Globalization.CultureInfo)</Name>
              <FileRef uid="4" />
              <SequencePoints>
                <SequencePoint vc="0" uspid="41" ordinal="0" offset="0" sl="45" sc="9" el="45" ec="10" bec="0" bev="0" fileid="4" />
                <SequencePoint vc="0" uspid="42" ordinal="1" offset="1" sl="46" sc="13" el="46" ec="57" bec="4" bev="0" fileid="4" />
                <SequencePoint vc="0" uspid="43" ordinal="2" offset="22" sl="47" sc="17" el="47" ec="78" bec="0" bev="0" fileid="4" />
                <SequencePoint vc="0" uspid="44" ordinal="3" offset="36" sl="49" sc="13" el="49" ec="78" bec="0" bev="0" fileid="4" />
                <SequencePoint vc="0" uspid="45" ordinal="4" offset="50" sl="50" sc="13" el="50" ec="28" bec="2" bev="0" fileid="4" />
                <SequencePoint vc="0" uspid="46" ordinal="5" offset="60" sl="51" sc="17" el="51" ec="81" bec="0" bev="0" fileid="4" />
                <SequencePoint vc="0" uspid="47" ordinal="6" offset="74" sl="53" sc="13" el="53" ec="47" bec="2" bev="0" fileid="4" />
                <SequencePoint vc="0" uspid="48" ordinal="7" offset="92" sl="54" sc="17" el="54" ec="77" bec="0" bev="0" fileid="4" />
                <SequencePoint vc="0" uspid="49" ordinal="8" offset="106" sl="56" sc="13" el="56" ec="53" bec="0" bev="0" fileid="4" />
                <SequencePoint vc="0" uspid="50" ordinal="9" offset="116" sl="57" sc="9" el="57" ec="10" bec="0" bev="0" fileid="4" />
              </SequencePoints>
              <BranchPoints>
                <BranchPoint vc="0" uspid="51" ordinal="0" offset="2" sl="46" path="0" offsetend="4" fileid="4" />
                <BranchPoint vc="0" uspid="52" ordinal="1" offset="2" sl="46" path="1" offsetend="7" fileid="4" />
                <BranchPoint vc="0" uspid="53" ordinal="2" offset="20" sl="46" path="0" offsetend="22" fileid="4" />
                <BranchPoint vc="0" uspid="54" ordinal="3" offset="20" sl="46" path="1" offsetend="36" fileid="4" />
                <BranchPoint vc="0" uspid="55" ordinal="4" offset="58" sl="50" path="0" offsetend="60" fileid="4" />
                <BranchPoint vc="0" uspid="56" ordinal="5" offset="58" sl="50" path="1" offsetend="74" fileid="4" />
                <BranchPoint vc="0" uspid="59" ordinal="8" offset="90" sl="53" path="0" offsetend="92" fileid="4" />
                <BranchPoint vc="0" uspid="60" ordinal="9" offset="90" sl="53" path="1" offsetend="106" fileid="4" />
              </BranchPoints>
              <MethodPoint xsi:type="SequencePoint" vc="0" uspid="41" ordinal="0" offset="0" sl="45" sc="9" el="45" ec="10" bec="0" bev="0" fileid="4" />
            </Method>
            <Method visited="false" cyclomaticComplexity="1" nPathComplexity="0" sequenceCoverage="0" branchCoverage="0" crapScore="2" isConstructor="true" isStatic="false" isGetter="false" isSetter="false">
              <Summary numSequencePoints="0" visitedSequencePoints="0" numBranchPoints="0" visitedBranchPoints="0" sequenceCoverage="0" branchCoverage="0" maxCyclomaticComplexity="1" minCyclomaticComplexity="1" maxCrapScore="2" minCrapScore="2" visitedClasses="0" numClasses="0" visitedMethods="0" numMethods="0" />
              <MetadataToken>100663306</MetadataToken>
              <Name>System.Void SamplePortsWpf.PortValidationRule::.ctor()</Name>
              <SequencePoints />
              <BranchPoints />
              <MethodPoint vc="0" uspid="61" ordinal="0" offset="0" />
            </Method>
          </Methods>
        </Class>
        <Class>
          <Summary numSequencePoints="2" visitedSequencePoints="0" numBranchPoints="1" visitedBranchPoints="0" sequenceCoverage="0" branchCoverage="0" maxCyclomaticComplexity="1" minCyclomaticComplexity="1" maxCrapScore="2" minCrapScore="2" visitedClasses="0" numClasses="1" visitedMethods="0" numMethods="1" />
          <FullName>SamplePortsWpf.App</FullName>
          <Methods>
            <Method visited="false" cyclomaticComplexity="1" nPathComplexity="0" sequenceCoverage="0" branchCoverage="0" crapScore="2" isConstructor="false" isStatic="false" isGetter="false" isSetter="false">
              <Summary numSequencePoints="2" visitedSequencePoints="0" numBranchPoints="1" visitedBranchPoints="0" sequenceCoverage="0" branchCoverage="0" maxCyclomaticComplexity="1" minCyclomaticComplexity="1" maxCrapScore="2" minCrapScore="2" visitedClasses="0" numClasses="0" visitedMethods="0" numMethods="1" />
              <MetadataToken>100663307</MetadataToken>
              <Name>System.Void SamplePortsWpf.App::InitializeComponent()</Name>
              <FileRef uid="7" />
              <SequencePoints>
                <SequencePoint vc="0" uspid="62" ordinal="0" offset="0" sl="48" sc="43" el="48" ec="44" bec="0" bev="0" fileid="7" />
                <SequencePoint vc="0" uspid="63" ordinal="1" offset="1" sl="5" sc="13" el="5" ec="90" bec="0" bev="0" fileid="8" />
              </SequencePoints>
              <BranchPoints />
              <MethodPoint xsi:type="SequencePoint" vc="0" uspid="62" ordinal="0" offset="0" sl="48" sc="43" el="48" ec="44" bec="0" bev="0" fileid="7" />
            </Method>
            <Method visited="false" cyclomaticComplexity="1" nPathComplexity="0" sequenceCoverage="0" branchCoverage="0" crapScore="2" isConstructor="false" isStatic="true" isGetter="false" isSetter="false">
              <Summary numSequencePoints="0" visitedSequencePoints="0" numBranchPoints="0" visitedBranchPoints="0" sequenceCoverage="0" branchCoverage="0" maxCyclomaticComplexity="1" minCyclomaticComplexity="1" maxCrapScore="2" minCrapScore="2" visitedClasses="0" numClasses="0" visitedMethods="0" numMethods="0" />
              <MetadataToken>100663308</MetadataToken>
              <Name>System.Void SamplePortsWpf.App::Main()</Name>
              <SequencePoints />
              <BranchPoints />
              <MethodPoint vc="0" uspid="64" ordinal="0" offset="0" />
            </Method>
            <Method visited="false" cyclomaticComplexity="1" nPathComplexity="0" sequenceCoverage="0" branchCoverage="0" crapScore="2" isConstructor="true" isStatic="false" isGetter="false" isSetter="false">
              <Summary numSequencePoints="0" visitedSequencePoints="0" numBranchPoints="0" visitedBranchPoints="0" sequenceCoverage="0" branchCoverage="0" maxCyclomaticComplexity="1" minCyclomaticComplexity="1" maxCrapScore="2" minCrapScore="2" visitedClasses="0" numClasses="0" visitedMethods="0" numMethods="0" />
              <MetadataToken>100663309</MetadataToken>
              <Name>System.Void SamplePortsWpf.App::.ctor()</Name>
              <SequencePoints />
              <BranchPoints />
              <MethodPoint vc="0" uspid="65" ordinal="0" offset="0" />
            </Method>
          </Methods>
        </Class>
        <Class>
          <Summary numSequencePoints="50" visitedSequencePoints="19" numBranchPoints="18" visitedBranchPoints="2" sequenceCoverage="38" branchCoverage="11.11" maxCyclomaticComplexity="3" minCyclomaticComplexity="1" maxCrapScore="12" minCrapScore="1" visitedClasses="1" numClasses="1" visitedMethods="2" numMethods="8" />
          <FullName>SamplePortsWpf.AsyncPort</FullName>
          <Methods>
            <Method visited="false" cyclomaticComplexity="1" nPathComplexity="0" sequenceCoverage="0" branchCoverage="0" crapScore="2" isConstructor="false" isStatic="false" isGetter="true" isSetter="false">
              <Summary numSequencePoints="1" visitedSequencePoints="0" numBranchPoints="1" visitedBranchPoints="0" sequenceCoverage="0" branchCoverage="0" maxCyclomaticComplexity="1" minCyclomaticComplexity="1" maxCrapScore="2" minCrapScore="2" visitedClasses="0" numClasses="0" visitedMethods="0" numMethods="1" />
              <MetadataToken>100663311</MetadataToken>
              <Name>System.String SamplePortsWpf.AsyncPort::get_ReceivedData()</Name>
              <FileRef uid="9" />
              <SequencePoints>
                <SequencePoint vc="0" uspid="66" ordinal="0" offset="0" sl="31" sc="20" el="31" ec="38" bec="0" bev="0" fileid="9" />
              </SequencePoints>
              <BranchPoints />
              <MethodPoint xsi:type="SequencePoint" vc="0" uspid="66" ordinal="0" offset="0" sl="31" sc="20" el="31" ec="38" bec="0" bev="0" fileid="9" />
            </Method>
            <Method visited="false" cyclomaticComplexity="3" nPathComplexity="4" sequenceCoverage="0" branchCoverage="0" crapScore="12" isConstructor="false" isStatic="false" isGetter="false" isSetter="true">
              <Summary numSequencePoints="8" visitedSequencePoints="0" numBranchPoints="5" visitedBranchPoints="0" sequenceCoverage="0" branchCoverage="0" maxCyclomaticComplexity="3" minCyclomaticComplexity="3" maxCrapScore="12" minCrapScore="12" visitedClasses="0" numClasses="0" visitedMethods="0" numMethods="1" />
              <MetadataToken>100663310</MetadataToken>
              <Name>System.Void SamplePortsWpf.AsyncPort::set_ReceivedData(System.String)</Name>
              <FileRef uid="9" />
              <SequencePoints>
                <SequencePoint vc="0" uspid="67" ordinal="0" offset="0" sl="19" sc="17" el="19" ec="18" bec="0" bev="0" fileid="9" />
                <SequencePoint vc="0" uspid="68" ordinal="1" offset="1" sl="21" sc="17" el="21" ec="49" bec="0" bev="0" fileid="9" />
                <SequencePoint vc="0" uspid="69" ordinal="2" offset="12" sl="22" sc="17" el="22" ec="39" bec="0" bev="0" fileid="9" />
                <SequencePoint vc="0" uspid="70" ordinal="3" offset="19" sl="24" sc="17" el="24" ec="47" bec="2" bev="0" fileid="9" />
                <SequencePoint vc="0" uspid="71" ordinal="4" offset="37" sl="25" sc="21" el="25" ec="28" bec="0" bev="0" fileid="9" />
                <SequencePoint vc="0" uspid="72" ordinal="5" offset="39" sl="27" sc="17" el="27" ec="74" bec="0" bev="0" fileid="9" />
                <SequencePoint vc="0" uspid="73" ordinal="6" offset="61" sl="29" sc="17" el="29" ec="52" bec="2" bev="0" fileid="9" />
                <SequencePoint vc="0" uspid="74" ordinal="7" offset="81" sl="30" sc="13" el="30" ec="14" bec="0" bev="0" fileid="9" />
              </SequencePoints>
              <BranchPoints>
                <BranchPoint vc="0" uspid="75" ordinal="0" offset="35" sl="24" path="0" offsetchain="37" offsetend="81" fileid="9" />
                <BranchPoint vc="0" uspid="76" ordinal="1" offset="35" sl="24" path="1" offsetend="39" fileid="9" />
                <BranchPoint vc="0" uspid="77" ordinal="2" offset="68" sl="29" path="0" offsetend="70" fileid="9" />
                <BranchPoint vc="0" uspid="78" ordinal="3" offset="68" sl="29" path="1" offsetend="73" fileid="9" />
              </BranchPoints>
              <MethodPoint xsi:type="SequencePoint" vc="0" uspid="67" ordinal="0" offset="0" sl="19" sc="17" el="19" ec="18" bec="0" bev="0" fileid="9" />
            </Method>
            <Method skippedDueTo="AutoImplementedProperty" visited="false" cyclomaticComplexity="1" nPathComplexity="0" sequenceCoverage="0" branchCoverage="0" crapScore="0" isConstructor="false" isStatic="false" isGetter="true" isSetter="false">
              <MetadataToken>100663312</MetadataToken>
              <Name>System.String SamplePortsWpf.AsyncPort::get_Name()</Name>
              <FileRef uid="9" />
              <SequencePoints />
              <BranchPoints />
            </Method>
            <Method skippedDueTo="AutoImplementedProperty" visited="false" cyclomaticComplexity="1" nPathComplexity="0" sequenceCoverage="0" branchCoverage="0" crapScore="0" isConstructor="false" isStatic="false" isGetter="false" isSetter="true">
              <MetadataToken>100663313</MetadataToken>
              <Name>System.Void SamplePortsWpf.AsyncPort::set_Name(System.String)</Name>
              <FileRef uid="9" />
              <SequencePoints />
              <BranchPoints />
            </Method>
            <Method visited="false" cyclomaticComplexity="3" nPathComplexity="2" sequenceCoverage="0" branchCoverage="0" crapScore="12" isConstructor="false" isStatic="false" isGetter="true" isSetter="false">
              <Summary numSequencePoints="1" visitedSequencePoints="0" numBranchPoints="3" visitedBranchPoints="0" sequenceCoverage="0" branchCoverage="0" maxCyclomaticComplexity="3" minCyclomaticComplexity="3" maxCrapScore="12" minCrapScore="12" visitedClasses="0" numClasses="0" visitedMethods="0" numMethods="1" />
              <MetadataToken>100663314</MetadataToken>
              <Name>System.String SamplePortsWpf.AsyncPort::get_LastReceivedDataHumanFormat()</Name>
              <FileRef uid="9" />
              <SequencePoints>
                <SequencePoint vc="0" uspid="79" ordinal="0" offset="0" sl="38" sc="54" el="38" ec="129" bec="2" bev="0" fileid="9" />
              </SequencePoints>
              <BranchPoints>
                <BranchPoint vc="0" uspid="80" ordinal="0" offset="6" sl="38" path="0" offsetend="8" fileid="9" />
                <BranchPoint vc="0" uspid="81" ordinal="1" offset="6" sl="38" path="1" offsetend="15" fileid="9" />
              </BranchPoints>
              <MethodPoint xsi:type="SequencePoint" vc="0" uspid="79" ordinal="0" offset="0" sl="38" sc="54" el="38" ec="129" bec="2" bev="0" fileid="9" />
            </Method>
            <Method skippedDueTo="AutoImplementedProperty" visited="false" cyclomaticComplexity="1" nPathComplexity="0" sequenceCoverage="0" branchCoverage="0" crapScore="0" isConstructor="false" isStatic="false" isGetter="true" isSetter="false">
              <MetadataToken>100663315</MetadataToken>
              <Name>SamplePortsWpf.PortStatus SamplePortsWpf.AsyncPort::get_Status()</Name>
              <FileRef uid="9" />
              <SequencePoints />
              <BranchPoints />
            </Method>
            <Method skippedDueTo="AutoImplementedProperty" visited="false" cyclomaticComplexity="1" nPathComplexity="0" sequenceCoverage="0" branchCoverage="0" crapScore="0" isConstructor="false" isStatic="false" isGetter="false" isSetter="true">
              <MetadataToken>100663316</MetadataToken>
              <Name>System.Void SamplePortsWpf.AsyncPort::set_Status(SamplePortsWpf.PortStatus)</Name>
              <FileRef uid="9" />
              <SequencePoints />
              <BranchPoints />
            </Method>
            <Method visited="false" cyclomaticComplexity="2" nPathComplexity="0" sequenceCoverage="0" branchCoverage="0" crapScore="6" isConstructor="false" isStatic="false" isGetter="false" isSetter="false">
              <Summary numSequencePoints="0" visitedSequencePoints="0" numBranchPoints="0" visitedBranchPoints="0" sequenceCoverage="0" branchCoverage="0" maxCyclomaticComplexity="2" minCyclomaticComplexity="2" maxCrapScore="6" minCrapScore="6" visitedClasses="0" numClasses="0" visitedMethods="0" numMethods="0" />
              <MetadataToken>100663317</MetadataToken>
              <Name>System.Void SamplePortsWpf.AsyncPort::add_OnDataReceived(SamplePortsWpf.AsyncPort/DataHandler)</Name>
              <SequencePoints />
              <BranchPoints />
              <MethodPoint vc="0" uspid="82" ordinal="0" offset="0" />
            </Method>
            <Method visited="false" cyclomaticComplexity="2" nPathComplexity="0" sequenceCoverage="0" branchCoverage="0" crapScore="6" isConstructor="false" isStatic="false" isGetter="false" isSetter="false">
              <Summary numSequencePoints="0" visitedSequencePoints="0" numBranchPoints="0" visitedBranchPoints="0" sequenceCoverage="0" branchCoverage="0" maxCyclomaticComplexity="2" minCyclomaticComplexity="2" maxCrapScore="6" minCrapScore="6" visitedClasses="0" numClasses="0" visitedMethods="0" numMethods="0" />
              <MetadataToken>100663318</MetadataToken>
              <Name>System.Void SamplePortsWpf.AsyncPort::remove_OnDataReceived(SamplePortsWpf.AsyncPort/DataHandler)</Name>
              <SequencePoints />
              <BranchPoints />
              <MethodPoint vc="0" uspid="83" ordinal="0" offset="0" />
            </Method>
            <Method visited="true" cyclomaticComplexity="1" nPathComplexity="0" sequenceCoverage="100" branchCoverage="100" crapScore="1" isConstructor="true" isStatic="false" isGetter="false" isSetter="false">
              <Summary numSequencePoints="7" visitedSequencePoints="7" numBranchPoints="1" visitedBranchPoints="1" sequenceCoverage="100" branchCoverage="100" maxCyclomaticComplexity="1" minCyclomaticComplexity="1" maxCrapScore="1" minCrapScore="1" visitedClasses="0" numClasses="0" visitedMethods="1" numMethods="1" />
              <MetadataToken>100663319</MetadataToken>
              <Name>System.Void SamplePortsWpf.AsyncPort::.ctor(System.String)</Name>
              <FileRef uid="9" />
              <SequencePoints>
                <SequencePoint vc="1" uspid="84" ordinal="0" offset="0" sl="46" sc="9" el="46" ec="42" bec="0" bev="0" fileid="9">
                  <TrackedMethodRefs>
                    <TrackedMethodRef uid="1" vc="1" />
                  </TrackedMethodRefs>
                </SequencePoint>
                <SequencePoint vc="1" uspid="85" ordinal="1" offset="7" sl="47" sc="9" el="47" ec="10" bec="0" bev="0" fileid="9">
                  <TrackedMethodRefs>
                    <TrackedMethodRef uid="1" vc="1" />
                  </TrackedMethodRefs>
                </SequencePoint>
                <SequencePoint vc="1" uspid="86" ordinal="2" offset="8" sl="48" sc="13" el="48" ec="29" bec="0" bev="0" fileid="9">
                  <TrackedMethodRefs>
                    <TrackedMethodRef uid="1" vc="1" />
                  </TrackedMethodRefs>
                </SequencePoint>
                <SequencePoint vc="1" uspid="87" ordinal="3" offset="16" sl="49" sc="13" el="49" ec="46" bec="0" bev="0" fileid="9">
                  <TrackedMethodRefs>
                    <TrackedMethodRef uid="1" vc="1" />
                  </TrackedMethodRefs>
                </SequencePoint>
                <SequencePoint vc="1" uspid="88" ordinal="4" offset="24" sl="50" sc="13" el="50" ec="48" bec="0" bev="0" fileid="9">
                  <TrackedMethodRefs>
                    <TrackedMethodRef uid="1" vc="1" />
                  </TrackedMethodRefs>
                </SequencePoint>
                <SequencePoint vc="1" uspid="89" ordinal="5" offset="41" sl="51" sc="13" el="51" ec="27" bec="0" bev="0" fileid="9">
                  <TrackedMethodRefs>
                    <TrackedMethodRef uid="1" vc="1" />
                  </TrackedMethodRefs>
                </SequencePoint>
                <SequencePoint vc="1" uspid="90" ordinal="6" offset="48" sl="52" sc="9" el="52" ec="10" bec="0" bev="0" fileid="9">
                  <TrackedMethodRefs>
                    <TrackedMethodRef uid="1" vc="1" />
                  </TrackedMethodRefs>
                </SequencePoint>
              </SequencePoints>
              <BranchPoints />
              <MethodPoint xsi:type="SequencePoint" vc="1" uspid="84" ordinal="0" offset="0" sl="46" sc="9" el="46" ec="42" bec="0" bev="0" fileid="9">
                <TrackedMethodRefs>
                  <TrackedMethodRef uid="1" vc="1" />
                </TrackedMethodRefs>
              </MethodPoint>
            </Method>
            <Method visited="false" cyclomaticComplexity="3" nPathComplexity="4" sequenceCoverage="0" branchCoverage="0" crapScore="12" isConstructor="false" isStatic="false" isGetter="false" isSetter="false">
              <Summary numSequencePoints="8" visitedSequencePoints="0" numBranchPoints="5" visitedBranchPoints="0" sequenceCoverage="0" branchCoverage="0" maxCyclomaticComplexity="3" minCyclomaticComplexity="3" maxCrapScore="12" minCrapScore="12" visitedClasses="0" numClasses="0" visitedMethods="0" numMethods="1" />
              <MetadataToken>100663320</MetadataToken>
              <Name>System.Void SamplePortsWpf.AsyncPort::SendData(System.String)</Name>
              <FileRef uid="9" />
              <SequencePoints>
                <SequencePoint vc="0" uspid="91" ordinal="0" offset="0" sl="55" sc="9" el="55" ec="10" bec="0" bev="0" fileid="9" />
                <SequencePoint vc="0" uspid="92" ordinal="1" offset="1" sl="59" sc="13" el="59" ec="29" bec="4" bev="0" fileid="9" />
                <SequencePoint vc="0" uspid="93" ordinal="2" offset="31" sl="62" sc="21" el="62" ec="40" bec="0" bev="0" fileid="9" />
                <SequencePoint vc="0" uspid="94" ordinal="3" offset="43" sl="63" sc="21" el="63" ec="27" bec="0" bev="0" fileid="9" />
                <SequencePoint vc="0" uspid="95" ordinal="4" offset="45" sl="66" sc="21" el="66" ec="27" bec="0" bev="0" fileid="9" />
                <SequencePoint vc="0" uspid="96" ordinal="5" offset="47" sl="68" sc="21" el="68" ec="49" bec="0" bev="0" fileid="9" />
                <SequencePoint vc="0" uspid="97" ordinal="6" offset="65" sl="69" sc="21" el="69" ec="27" bec="0" bev="0" fileid="9" />
                <SequencePoint vc="0" uspid="98" ordinal="7" offset="67" sl="79" sc="9" el="79" ec="10" bec="0" bev="0" fileid="9" />
              </SequencePoints>
              <BranchPoints>
                <BranchPoint vc="0" uspid="99" ordinal="0" offset="14" sl="59" path="0" offsetend="16" fileid="9" />
                <BranchPoint vc="0" uspid="100" ordinal="1" offset="14" sl="59" path="1" offsetend="31" fileid="9" />
                <BranchPoint vc="0" uspid="101" ordinal="2" offset="27" sl="59" path="0" offsetchain="29" offsetend="47" fileid="9" />
                <BranchPoint vc="0" uspid="102" ordinal="3" offset="27" sl="59" path="1" offsetchain="45" offsetend="67" fileid="9" />
              </BranchPoints>
              <MethodPoint xsi:type="SequencePoint" vc="0" uspid="91" ordinal="0" offset="0" sl="55" sc="9" el="55" ec="10" bec="0" bev="0" fileid="9" />
            </Method>
            <Method visited="true" cyclomaticComplexity="1" nPathComplexity="0" sequenceCoverage="75" branchCoverage="100" crapScore="1.02" isConstructor="false" isStatic="false" isGetter="false" isSetter="false">
              <Summary numSequencePoints="16" visitedSequencePoints="12" numBranchPoints="1" visitedBranchPoints="1" sequenceCoverage="75" branchCoverage="100" maxCyclomaticComplexity="1" minCyclomaticComplexity="1" maxCrapScore="1.02" minCrapScore="1.02" visitedClasses="0" numClasses="0" visitedMethods="1" numMethods="1" />
              <MetadataToken>100663321</MetadataToken>
              <Name>System.Void SamplePortsWpf.AsyncPort::ConnectPort()</Name>
              <FileRef uid="9" />
              <SequencePoints>
                <SequencePoint vc="1" uspid="103" ordinal="0" offset="0" sl="82" sc="9" el="82" ec="10" bec="0" bev="0" fileid="9">
                  <TrackedMethodRefs>
                    <TrackedMethodRef uid="1" vc="1" />
                  </TrackedMethodRefs>
                </SequencePoint>
                <SequencePoint vc="1" uspid="104" ordinal="1" offset="1" sl="84" sc="13" el="84" ec="14" bec="0" bev="0" fileid="9">
                  <TrackedMethodRefs>
                    <TrackedMethodRef uid="1" vc="1" />
                  </TrackedMethodRefs>
                </SequencePoint>
                <SequencePoint vc="1" uspid="105" ordinal="2" offset="2" sl="85" sc="17" el="85" ec="46" bec="0" bev="0" fileid="9">
                  <TrackedMethodRefs>
                    <TrackedMethodRef uid="1" vc="1" />
                  </TrackedMethodRefs>
                </SequencePoint>
                <SequencePoint vc="1" uspid="106" ordinal="3" offset="19" sl="86" sc="17" el="86" ec="56" bec="0" bev="0" fileid="9">
                  <TrackedMethodRefs>
                    <TrackedMethodRef uid="1" vc="1" />
                  </TrackedMethodRefs>
                </SequencePoint>
                <SequencePoint vc="1" uspid="107" ordinal="4" offset="32" sl="87" sc="17" el="87" ec="50" bec="0" bev="0" fileid="9">
                  <TrackedMethodRefs>
                    <TrackedMethodRef uid="1" vc="1" />
                  </TrackedMethodRefs>
                </SequencePoint>
                <SequencePoint vc="1" uspid="108" ordinal="5" offset="45" sl="88" sc="17" el="88" ec="42" bec="0" bev="0" fileid="9">
                  <TrackedMethodRefs>
                    <TrackedMethodRef uid="1" vc="1" />
                  </TrackedMethodRefs>
                </SequencePoint>
                <SequencePoint vc="1" uspid="109" ordinal="6" offset="58" sl="89" sc="17" el="89" ec="53" bec="0" bev="0" fileid="9">
                  <TrackedMethodRefs>
                    <TrackedMethodRef uid="1" vc="1" />
                  </TrackedMethodRefs>
                </SequencePoint>
                <SequencePoint vc="1" uspid="110" ordinal="7" offset="71" sl="90" sc="17" el="90" ec="47" bec="0" bev="0" fileid="9">
                  <TrackedMethodRefs>
                    <TrackedMethodRef uid="1" vc="1" />
                  </TrackedMethodRefs>
                </SequencePoint>
                <SequencePoint vc="1" uspid="111" ordinal="8" offset="88" sl="91" sc="17" el="91" ec="47" bec="0" bev="0" fileid="9">
                  <TrackedMethodRefs>
                    <TrackedMethodRef uid="1" vc="1" />
                  </TrackedMethodRefs>
                </SequencePoint>
                <SequencePoint vc="1" uspid="112" ordinal="9" offset="102" sl="95" sc="17" el="95" ec="65" bec="0" bev="0" fileid="9">
                  <TrackedMethodRefs>
                    <TrackedMethodRef uid="1" vc="1" />
                  </TrackedMethodRefs>
                </SequencePoint>
                <SequencePoint vc="1" uspid="113" ordinal="10" offset="126" sl="105" sc="13" el="105" ec="14" bec="0" bev="0" fileid="9">
                  <TrackedMethodRefs>
                    <TrackedMethodRef uid="1" vc="1" />
                  </TrackedMethodRefs>
                </SequencePoint>
                <SequencePoint vc="0" uspid="114" ordinal="11" offset="129" sl="106" sc="13" el="106" ec="33" bec="0" bev="0" fileid="9" />
                <SequencePoint vc="0" uspid="115" ordinal="12" offset="130" sl="107" sc="13" el="107" ec="14" bec="0" bev="0" fileid="9" />
                <SequencePoint vc="0" uspid="116" ordinal="13" offset="131" sl="108" sc="17" el="108" ec="72" bec="0" bev="0" fileid="9" />
                <SequencePoint vc="0" uspid="117" ordinal="14" offset="148" sl="109" sc="13" el="109" ec="14" bec="0" bev="0" fileid="9" />
                <SequencePoint vc="1" uspid="118" ordinal="15" offset="151" sl="110" sc="9" el="110" ec="10" bec="0" bev="0" fileid="9">
                  <TrackedMethodRefs>
                    <TrackedMethodRef uid="1" vc="1" />
                  </TrackedMethodRefs>
                </SequencePoint>
              </SequencePoints>
              <BranchPoints />
              <MethodPoint xsi:type="SequencePoint" vc="1" uspid="103" ordinal="0" offset="0" sl="82" sc="9" el="82" ec="10" bec="0" bev="0" fileid="9">
                <TrackedMethodRefs>
                  <TrackedMethodRef uid="1" vc="1" />
                </TrackedMethodRefs>
              </MethodPoint>
            </Method>
            <Method visited="false" cyclomaticComplexity="1" nPathComplexity="0" sequenceCoverage="0" branchCoverage="0" crapScore="2" isConstructor="false" isStatic="false" isGetter="false" isSetter="false">
              <Summary numSequencePoints="5" visitedSequencePoints="0" numBranchPoints="1" visitedBranchPoints="0" sequenceCoverage="0" branchCoverage="0" maxCyclomaticComplexity="1" minCyclomaticComplexity="1" maxCrapScore="2" minCrapScore="2" visitedClasses="0" numClasses="0" visitedMethods="0" numMethods="1" />
              <MetadataToken>100663322</MetadataToken>
              <Name>System.Void SamplePortsWpf.AsyncPort::ReceivedDataHandler(System.Object,System.IO.Ports.SerialDataReceivedEventArgs)</Name>
              <FileRef uid="9" />
              <SequencePoints>
                <SequencePoint vc="0" uspid="119" ordinal="0" offset="0" sl="113" sc="9" el="113" ec="10" bec="0" bev="0" fileid="9" />
                <SequencePoint vc="0" uspid="120" ordinal="1" offset="1" sl="114" sc="13" el="114" ec="43" bec="0" bev="0" fileid="9" />
                <SequencePoint vc="0" uspid="121" ordinal="2" offset="8" sl="115" sc="13" el="115" ec="44" bec="0" bev="0" fileid="9" />
                <SequencePoint vc="0" uspid="122" ordinal="3" offset="15" sl="116" sc="13" el="116" ec="33" bec="0" bev="0" fileid="9" />
                <SequencePoint vc="0" uspid="123" ordinal="4" offset="23" sl="117" sc="9" el="117" ec="10" bec="0" bev="0" fileid="9" />
              </SequencePoints>
              <BranchPoints />
              <MethodPoint xsi:type="SequencePoint" vc="0" uspid="119" ordinal="0" offset="0" sl="113" sc="9" el="113" ec="10" bec="0" bev="0" fileid="9" />
            </Method>
            <Method visited="false" cyclomaticComplexity="1" nPathComplexity="0" sequenceCoverage="0" branchCoverage="0" crapScore="2" isConstructor="false" isStatic="false" isGetter="false" isSetter="false">
              <Summary numSequencePoints="4" visitedSequencePoints="0" numBranchPoints="1" visitedBranchPoints="0" sequenceCoverage="0" branchCoverage="0" maxCyclomaticComplexity="1" minCyclomaticComplexity="1" maxCrapScore="2" minCrapScore="2" visitedClasses="0" numClasses="0" visitedMethods="0" numMethods="1" />
              <MetadataToken>100663323</MetadataToken>
              <Name>System.Void SamplePortsWpf.AsyncPort::Dispose()</Name>
              <FileRef uid="9" />
              <SequencePoints>
                <SequencePoint vc="0" uspid="124" ordinal="0" offset="0" sl="120" sc="9" el="120" ec="10" bec="0" bev="0" fileid="9" />
                <SequencePoint vc="0" uspid="125" ordinal="1" offset="1" sl="121" sc="13" el="121" ec="33" bec="0" bev="0" fileid="9" />
                <SequencePoint vc="0" uspid="126" ordinal="2" offset="13" sl="122" sc="13" el="122" ec="35" bec="0" bev="0" fileid="9" />
                <SequencePoint vc="0" uspid="127" ordinal="3" offset="25" sl="123" sc="9" el="123" ec="10" bec="0" bev="0" fileid="9" />
              </SequencePoints>
              <BranchPoints />
              <MethodPoint xsi:type="SequencePoint" vc="0" uspid="124" ordinal="0" offset="0" sl="120" sc="9" el="120" ec="10" bec="0" bev="0" fileid="9" />
            </Method>
          </Methods>
        </Class>
        <Class>
          <Summary numSequencePoints="0" visitedSequencePoints="0" numBranchPoints="0" visitedBranchPoints="0" sequenceCoverage="0" branchCoverage="0" maxCyclomaticComplexity="0" minCyclomaticComplexity="0" maxCrapScore="0" minCrapScore="0" visitedClasses="0" numClasses="0" visitedMethods="0" numMethods="0" />
          <FullName>SamplePortsWpf.AsyncPort/DataHandler</FullName>
          <Methods>
            <Method skippedDueTo="Unknown" visited="false" cyclomaticComplexity="0" nPathComplexity="0" sequenceCoverage="0" branchCoverage="0" crapScore="0" isConstructor="true" isStatic="false" isGetter="false" isSetter="false">
              <MetadataToken>100663337</MetadataToken>
              <Name>System.Void SamplePortsWpf.AsyncPort/DataHandler::.ctor(System.Object,System.IntPtr)</Name>
              <SequencePoints />
              <BranchPoints />
            </Method>
            <Method skippedDueTo="Unknown" visited="false" cyclomaticComplexity="0" nPathComplexity="0" sequenceCoverage="0" branchCoverage="0" crapScore="0" isConstructor="false" isStatic="false" isGetter="false" isSetter="false">
              <MetadataToken>100663338</MetadataToken>
              <Name>System.Void SamplePortsWpf.AsyncPort/DataHandler::Invoke(System.Object,SamplePortsWpf.ReceivedDataEventArgs)</Name>
              <SequencePoints />
              <BranchPoints />
            </Method>
            <Method skippedDueTo="Unknown" visited="false" cyclomaticComplexity="0" nPathComplexity="0" sequenceCoverage="0" branchCoverage="0" crapScore="0" isConstructor="false" isStatic="false" isGetter="false" isSetter="false">
              <MetadataToken>100663339</MetadataToken>
              <Name>System.IAsyncResult SamplePortsWpf.AsyncPort/DataHandler::BeginInvoke(System.Object,SamplePortsWpf.ReceivedDataEventArgs,System.AsyncCallback,System.Object)</Name>
              <SequencePoints />
              <BranchPoints />
            </Method>
            <Method skippedDueTo="Unknown" visited="false" cyclomaticComplexity="0" nPathComplexity="0" sequenceCoverage="0" branchCoverage="0" crapScore="0" isConstructor="false" isStatic="false" isGetter="false" isSetter="false">
              <MetadataToken>100663340</MetadataToken>
              <Name>System.Void SamplePortsWpf.AsyncPort/DataHandler::EndInvoke(System.IAsyncResult)</Name>
              <SequencePoints />
              <BranchPoints />
            </Method>
          </Methods>
        </Class>
        <Class>
          <Summary numSequencePoints="38" visitedSequencePoints="0" numBranchPoints="11" visitedBranchPoints="0" sequenceCoverage="0" branchCoverage="0" maxCyclomaticComplexity="3" minCyclomaticComplexity="2" maxCrapScore="12" minCrapScore="6" visitedClasses="0" numClasses="1" visitedMethods="0" numMethods="5" />
          <FullName>SamplePortsWpf.MainWindow</FullName>
          <Methods>
            <Method visited="false" cyclomaticComplexity="3" nPathComplexity="2" sequenceCoverage="0" branchCoverage="0" crapScore="12" isConstructor="true" isStatic="false" isGetter="false" isSetter="false">
              <Summary numSequencePoints="19" visitedSequencePoints="0" numBranchPoints="3" visitedBranchPoints="0" sequenceCoverage="0" branchCoverage="0" maxCyclomaticComplexity="3" minCyclomaticComplexity="3" maxCrapScore="12" minCrapScore="12" visitedClasses="0" numClasses="0" visitedMethods="0" numMethods="1" />
              <MetadataToken>100663324</MetadataToken>
              <Name>System.Void SamplePortsWpf.MainWindow::.ctor()</Name>
              <FileRef uid="10" />
              <SequencePoints>
                <SequencePoint vc="0" uspid="128" ordinal="0" offset="0" sl="29" sc="9" el="29" ec="28" bec="0" bev="0" fileid="10" />
                <SequencePoint vc="0" uspid="129" ordinal="1" offset="7" sl="30" sc="9" el="30" ec="10" bec="0" bev="0" fileid="10" />
                <SequencePoint vc="0" uspid="130" ordinal="2" offset="8" sl="31" sc="13" el="31" ec="35" bec="0" bev="0" fileid="10" />
                <SequencePoint vc="0" uspid="131" ordinal="3" offset="15" sl="33" sc="13" el="33" ec="69" bec="0" bev="0" fileid="10" />
                <SequencePoint vc="0" uspid="132" ordinal="4" offset="26" sl="35" sc="13" el="35" ec="51" bec="0" bev="0" fileid="10" />
                <SequencePoint vc="0" uspid="133" ordinal="5" offset="32" sl="38" sc="13" el="38" ec="53" bec="0" bev="0" fileid="10" />
                <SequencePoint vc="0" uspid="134" ordinal="6" offset="55" sl="41" sc="13" el="41" ec="20" bec="0" bev="0" fileid="10" />
                <SequencePoint vc="0" uspid="135" ordinal="7" offset="56" sl="41" sc="38" el="41" ec="43" bec="0" bev="0" fileid="10" />
                <SequencePoint vc="0" uspid="136" ordinal="8" offset="62" sl="41" sc="22" el="41" ec="34" bec="0" bev="0" fileid="10" />
                <SequencePoint vc="0" uspid="137" ordinal="9" offset="66" sl="42" sc="13" el="42" ec="14" bec="0" bev="0" fileid="10" />
                <SequencePoint vc="0" uspid="138" ordinal="10" offset="67" sl="43" sc="17" el="43" ec="52" bec="0" bev="0" fileid="10" />
                <SequencePoint vc="0" uspid="139" ordinal="11" offset="75" sl="44" sc="17" el="44" ec="58" bec="0" bev="0" fileid="10" />
                <SequencePoint vc="0" uspid="140" ordinal="12" offset="95" sl="46" sc="17" el="46" ec="43" bec="0" bev="0" fileid="10" />
                <SequencePoint vc="0" uspid="141" ordinal="13" offset="109" sl="48" sc="17" el="48" ec="45" bec="2" bev="0" fileid="10" />
                <SequencePoint vc="0" uspid="142" ordinal="14" offset="132" sl="49" sc="21" el="49" ec="45" bec="0" bev="0" fileid="10" />
                <SequencePoint vc="0" uspid="143" ordinal="15" offset="145" sl="51" sc="13" el="51" ec="14" bec="0" bev="0" fileid="10" />
                <SequencePoint vc="0" uspid="144" ordinal="16" offset="150" sl="41" sc="35" el="41" ec="37" bec="0" bev="0" fileid="10" />
                <SequencePoint vc="0" uspid="145" ordinal="17" offset="156" sl="53" sc="13" el="53" ec="51" bec="0" bev="0" fileid="10" />
                <SequencePoint vc="0" uspid="146" ordinal="18" offset="174" sl="54" sc="9" el="54" ec="10" bec="0" bev="0" fileid="10" />
              </SequencePoints>
              <BranchPoints>
                <BranchPoint vc="0" uspid="147" ordinal="0" offset="130" sl="48" path="0" offsetend="132" fileid="10" />
                <BranchPoint vc="0" uspid="148" ordinal="1" offset="130" sl="48" path="1" offsetend="145" fileid="10" />
              </BranchPoints>
              <MethodPoint xsi:type="SequencePoint" vc="0" uspid="128" ordinal="0" offset="0" sl="29" sc="9" el="29" ec="28" bec="0" bev="0" fileid="10" />
            </Method>
            <Method visited="false" cyclomaticComplexity="2" nPathComplexity="2" sequenceCoverage="0" branchCoverage="0" crapScore="6" isConstructor="false" isStatic="false" isGetter="false" isSetter="false">
              <Summary numSequencePoints="9" visitedSequencePoints="0" numBranchPoints="3" visitedBranchPoints="0" sequenceCoverage="0" branchCoverage="0" maxCyclomaticComplexity="2" minCyclomaticComplexity="2" maxCrapScore="6" minCrapScore="6" visitedClasses="0" numClasses="0" visitedMethods="0" numMethods="1" />
              <MetadataToken>100663325</MetadataToken>
              <Name>System.Void SamplePortsWpf.MainWindow::ParseReceivedData(System.Object,SamplePortsWpf.ReceivedDataEventArgs)</Name>
              <FileRef uid="10" />
              <SequencePoints>
                <SequencePoint vc="0" uspid="151" ordinal="0" offset="0" sl="57" sc="9" el="57" ec="10" bec="0" bev="0" fileid="10" />
                <SequencePoint vc="0" uspid="152" ordinal="1" offset="1" sl="58" sc="13" el="58" ec="42" bec="0" bev="0" fileid="10" />
                <SequencePoint vc="0" uspid="153" ordinal="2" offset="8" sl="60" sc="13" el="60" ec="38" bec="2" bev="0" fileid="10" />
                <SequencePoint vc="0" uspid="154" ordinal="3" offset="28" sl="61" sc="13" el="61" ec="14" bec="0" bev="0" fileid="10" />
                <SequencePoint vc="0" uspid="155" ordinal="4" offset="29" sl="62" sc="17" el="62" ec="52" bec="0" bev="0" fileid="10" />
                <SequencePoint vc="0" uspid="156" ordinal="5" offset="37" sl="63" sc="13" el="63" ec="14" bec="0" bev="0" fileid="10" />
                <SequencePoint vc="0" uspid="157" ordinal="6" offset="38" sl="65" sc="13" el="65" ec="77" bec="0" bev="0" fileid="10" />
                <SequencePoint vc="0" uspid="158" ordinal="7" offset="50" sl="66" sc="13" el="66" ec="28" bec="0" bev="0" fileid="10" />
                <SequencePoint vc="0" uspid="159" ordinal="8" offset="57" sl="67" sc="9" el="67" ec="10" bec="0" bev="0" fileid="10" />
              </SequencePoints>
              <BranchPoints>
                <BranchPoint vc="0" uspid="160" ordinal="0" offset="26" sl="60" path="0" offsetend="28" fileid="10" />
                <BranchPoint vc="0" uspid="161" ordinal="1" offset="26" sl="60" path="1" offsetend="38" fileid="10" />
              </BranchPoints>
              <MethodPoint xsi:type="SequencePoint" vc="0" uspid="151" ordinal="0" offset="0" sl="57" sc="9" el="57" ec="10" bec="0" bev="0" fileid="10" />
            </Method>
            <Method visited="false" cyclomaticComplexity="2" nPathComplexity="2" sequenceCoverage="0" branchCoverage="0" crapScore="6" isConstructor="false" isStatic="false" isGetter="false" isSetter="false">
              <Summary numSequencePoints="8" visitedSequencePoints="0" numBranchPoints="3" visitedBranchPoints="0" sequenceCoverage="0" branchCoverage="0" maxCyclomaticComplexity="2" minCyclomaticComplexity="2" maxCrapScore="6" minCrapScore="6" visitedClasses="0" numClasses="0" visitedMethods="0" numMethods="1" />
              <MetadataToken>100663326</MetadataToken>
              <Name>System.Void SamplePortsWpf.MainWindow::Button_Click(System.Object,System.Windows.RoutedEventArgs)</Name>
              <FileRef uid="10" />
              <SequencePoints>
                <SequencePoint vc="0" uspid="162" ordinal="0" offset="0" sl="70" sc="9" el="70" ec="10" bec="0" bev="0" fileid="10" />
                <SequencePoint vc="0" uspid="163" ordinal="1" offset="1" sl="71" sc="13" el="71" ec="41" bec="0" bev="0" fileid="10" />
                <SequencePoint vc="0" uspid="164" ordinal="2" offset="8" sl="73" sc="13" el="73" ec="57" bec="2" bev="0" fileid="10" />
                <SequencePoint vc="0" uspid="165" ordinal="3" offset="28" sl="74" sc="17" el="74" ec="24" bec="0" bev="0" fileid="10" />
                <SequencePoint vc="0" uspid="166" ordinal="4" offset="30" sl="76" sc="13" el="76" ec="33" bec="0" bev="0" fileid="10" />
                <SequencePoint vc="0" uspid="167" ordinal="5" offset="42" sl="78" sc="13" el="78" ec="47" bec="0" bev="0" fileid="10" />
                <SequencePoint vc="0" uspid="168" ordinal="6" offset="49" sl="80" sc="13" el="80" ec="32" bec="0" bev="0" fileid="10" />
                <SequencePoint vc="0" uspid="169" ordinal="7" offset="56" sl="82" sc="9" el="82" ec="10" bec="0" bev="0" fileid="10" />
              </SequencePoints>
              <BranchPoints>
                <BranchPoint vc="0" uspid="170" ordinal="0" offset="26" sl="73" path="0" offsetchain="28" offsetend="56" fileid="10" />
                <BranchPoint vc="0" uspid="171" ordinal="1" offset="26" sl="73" path="1" offsetend="30" fileid="10" />
              </BranchPoints>
              <MethodPoint xsi:type="SequencePoint" vc="0" uspid="162" ordinal="0" offset="0" sl="70" sc="9" el="70" ec="10" bec="0" bev="0" fileid="10" />
            </Method>
            <Method visited="false" cyclomaticComplexity="2" nPathComplexity="0" sequenceCoverage="0" branchCoverage="0" crapScore="6" isConstructor="false" isStatic="false" isGetter="false" isSetter="false">
              <Summary numSequencePoints="1" visitedSequencePoints="0" numBranchPoints="1" visitedBranchPoints="0" sequenceCoverage="0" branchCoverage="0" maxCyclomaticComplexity="2" minCyclomaticComplexity="2" maxCrapScore="6" minCrapScore="6" visitedClasses="0" numClasses="0" visitedMethods="0" numMethods="1" />
              <MetadataToken>100663327</MetadataToken>
              <Name>System.Void SamplePortsWpf.MainWindow::InitializeComponent()</Name>
              <FileRef uid="11" />
              <SequencePoints>
                <SequencePoint vc="0" uspid="172" ordinal="0" offset="33" sl="1" sc="13" el="1" ec="77" bec="0" bev="0" fileid="11" />
              </SequencePoints>
              <BranchPoints />
              <MethodPoint vc="0" uspid="175" ordinal="0" offset="0" />
            </Method>
            <Method visited="false" cyclomaticComplexity="2" nPathComplexity="0" sequenceCoverage="0" branchCoverage="0" crapScore="6" isConstructor="false" isStatic="false" isGetter="false" isSetter="false">
              <Summary numSequencePoints="0" visitedSequencePoints="0" numBranchPoints="0" visitedBranchPoints="0" sequenceCoverage="0" branchCoverage="0" maxCyclomaticComplexity="2" minCyclomaticComplexity="2" maxCrapScore="6" minCrapScore="6" visitedClasses="0" numClasses="0" visitedMethods="0" numMethods="0" />
              <MetadataToken>100663328</MetadataToken>
              <Name>System.Void SamplePortsWpf.MainWindow::System.Windows.Markup.IComponentConnector.Connect(System.Int32,System.Object)</Name>
              <SequencePoints />
              <BranchPoints />
              <MethodPoint vc="0" uspid="176" ordinal="0" offset="0" />
            </Method>
            <Method visited="false" cyclomaticComplexity="2" nPathComplexity="0" sequenceCoverage="0" branchCoverage="0" crapScore="6" isConstructor="false" isStatic="false" isGetter="false" isSetter="false">
              <Summary numSequencePoints="1" visitedSequencePoints="0" numBranchPoints="1" visitedBranchPoints="0" sequenceCoverage="0" branchCoverage="0" maxCyclomaticComplexity="2" minCyclomaticComplexity="2" maxCrapScore="6" minCrapScore="6" visitedClasses="0" numClasses="0" visitedMethods="0" numMethods="1" />
              <MetadataToken>100663329</MetadataToken>
              <Name>System.Void SamplePortsWpf.MainWindow::System.Windows.Markup.IStyleConnector.Connect(System.Int32,System.Object)</Name>
              <FileRef uid="11" />
              <SequencePoints>
                <SequencePoint vc="0" uspid="177" ordinal="0" offset="9" sl="20" sc="13" el="20" ec="122" bec="0" bev="0" fileid="11" />
              </SequencePoints>
              <BranchPoints />
              <MethodPoint vc="0" uspid="180" ordinal="0" offset="0" />
            </Method>
          </Methods>
        </Class>
        <Class>
          <Summary numSequencePoints="17" visitedSequencePoints="0" numBranchPoints="6" visitedBranchPoints="0" sequenceCoverage="0" branchCoverage="0" maxCyclomaticComplexity="2" minCyclomaticComplexity="1" maxCrapScore="6" minCrapScore="2" visitedClasses="0" numClasses="1" visitedMethods="0" numMethods="4" />
          <FullName>SamplePortsWpf.Properties.Resources</FullName>
          <Methods>
            <Method visited="false" cyclomaticComplexity="2" nPathComplexity="2" sequenceCoverage="0" branchCoverage="0" crapScore="6" isConstructor="false" isStatic="true" isGetter="true" isSetter="false">
              <Summary numSequencePoints="8" visitedSequencePoints="0" numBranchPoints="3" visitedBranchPoints="0" sequenceCoverage="0" branchCoverage="0" maxCyclomaticComplexity="2" minCyclomaticComplexity="2" maxCrapScore="6" minCrapScore="6" visitedClasses="0" numClasses="0" visitedMethods="0" numMethods="1" />
              <MetadataToken>100663331</MetadataToken>
              <Name>System.Resources.ResourceManager SamplePortsWpf.Properties.Resources::get_ResourceManager()</Name>
              <FileRef uid="12" />
              <SequencePoints>
                <SequencePoint vc="0" uspid="181" ordinal="0" offset="0" sl="42" sc="17" el="42" ec="18" bec="0" bev="0" fileid="12" />
                <SequencePoint vc="0" uspid="182" ordinal="1" offset="1" sl="43" sc="17" el="43" ec="43" bec="2" bev="0" fileid="12" />
                <SequencePoint vc="0" uspid="183" ordinal="2" offset="13" sl="44" sc="17" el="44" ec="18" bec="0" bev="0" fileid="12" />
                <SequencePoint vc="0" uspid="184" ordinal="3" offset="14" sl="45" sc="21" el="45" ec="181" bec="0" bev="0" fileid="12" />
                <SequencePoint vc="0" uspid="185" ordinal="4" offset="40" sl="46" sc="21" el="46" ec="40" bec="0" bev="0" fileid="12" />
                <SequencePoint vc="0" uspid="186" ordinal="5" offset="46" sl="47" sc="17" el="47" ec="18" bec="0" bev="0" fileid="12" />
                <SequencePoint vc="0" uspid="187" ordinal="6" offset="47" sl="48" sc="17" el="48" ec="36" bec="0" bev="0" fileid="12" />
                <SequencePoint vc="0" uspid="188" ordinal="7" offset="55" sl="49" sc="13" el="49" ec="14" bec="0" bev="0" fileid="12" />
              </SequencePoints>
              <BranchPoints>
                <BranchPoint vc="0" uspid="189" ordinal="0" offset="11" sl="43" path="0" offsetend="13" fileid="12" />
                <BranchPoint vc="0" uspid="190" ordinal="1" offset="11" sl="43" path="1" offsetend="47" fileid="12" />
              </BranchPoints>
              <MethodPoint xsi:type="SequencePoint" vc="0" uspid="181" ordinal="0" offset="0" sl="42" sc="17" el="42" ec="18" bec="0" bev="0" fileid="12" />
            </Method>
            <Method visited="false" cyclomaticComplexity="1" nPathComplexity="0" sequenceCoverage="0" branchCoverage="0" crapScore="2" isConstructor="false" isStatic="true" isGetter="true" isSetter="false">
              <Summary numSequencePoints="3" visitedSequencePoints="0" numBranchPoints="1" visitedBranchPoints="0" sequenceCoverage="0" branchCoverage="0" maxCyclomaticComplexity="1" minCyclomaticComplexity="1" maxCrapScore="2" minCrapScore="2" visitedClasses="0" numClasses="0" visitedMethods="0" numMethods="1" />
              <MetadataToken>100663332</MetadataToken>
              <Name>System.Globalization.CultureInfo SamplePortsWpf.Properties.Resources::get_Culture()</Name>
              <FileRef uid="12" />
              <SequencePoints>
                <SequencePoint vc="0" uspid="191" ordinal="0" offset="0" sl="58" sc="17" el="58" ec="18" bec="0" bev="0" fileid="12" />
                <SequencePoint vc="0" uspid="192" ordinal="1" offset="1" sl="59" sc="17" el="59" ec="40" bec="0" bev="0" fileid="12" />
                <SequencePoint vc="0" uspid="193" ordinal="2" offset="9" sl="60" sc="13" el="60" ec="14" bec="0" bev="0" fileid="12" />
              </SequencePoints>
              <BranchPoints />
              <MethodPoint xsi:type="SequencePoint" vc="0" uspid="191" ordinal="0" offset="0" sl="58" sc="17" el="58" ec="18" bec="0" bev="0" fileid="12" />
            </Method>
            <Method visited="false" cyclomaticComplexity="1" nPathComplexity="0" sequenceCoverage="0" branchCoverage="0" crapScore="2" isConstructor="false" isStatic="true" isGetter="false" isSetter="true">
              <Summary numSequencePoints="3" visitedSequencePoints="0" numBranchPoints="1" visitedBranchPoints="0" sequenceCoverage="0" branchCoverage="0" maxCyclomaticComplexity="1" minCyclomaticComplexity="1" maxCrapScore="2" minCrapScore="2" visitedClasses="0" numClasses="0" visitedMethods="0" numMethods="1" />
              <MetadataToken>100663333</MetadataToken>
              <Name>System.Void SamplePortsWpf.Properties.Resources::set_Culture(System.Globalization.CultureInfo)</Name>
              <FileRef uid="12" />
              <SequencePoints>
                <SequencePoint vc="0" uspid="194" ordinal="0" offset="0" sl="61" sc="17" el="61" ec="18" bec="0" bev="0" fileid="12" />
                <SequencePoint vc="0" uspid="195" ordinal="1" offset="1" sl="62" sc="17" el="62" ec="41" bec="0" bev="0" fileid="12" />
                <SequencePoint vc="0" uspid="196" ordinal="2" offset="7" sl="63" sc="13" el="63" ec="14" bec="0" bev="0" fileid="12" />
              </SequencePoints>
              <BranchPoints />
              <MethodPoint xsi:type="SequencePoint" vc="0" uspid="194" ordinal="0" offset="0" sl="61" sc="17" el="61" ec="18" bec="0" bev="0" fileid="12" />
            </Method>
            <Method visited="false" cyclomaticComplexity="1" nPathComplexity="0" sequenceCoverage="0" branchCoverage="0" crapScore="2" isConstructor="true" isStatic="false" isGetter="false" isSetter="false">
              <Summary numSequencePoints="3" visitedSequencePoints="0" numBranchPoints="1" visitedBranchPoints="0" sequenceCoverage="0" branchCoverage="0" maxCyclomaticComplexity="1" minCyclomaticComplexity="1" maxCrapScore="2" minCrapScore="2" visitedClasses="0" numClasses="0" visitedMethods="0" numMethods="1" />
              <MetadataToken>100663330</MetadataToken>
              <Name>System.Void SamplePortsWpf.Properties.Resources::.ctor()</Name>
              <FileRef uid="12" />
              <SequencePoints>
                <SequencePoint vc="0" uspid="197" ordinal="0" offset="0" sl="33" sc="9" el="33" ec="29" bec="0" bev="0" fileid="12" />
                <SequencePoint vc="0" uspid="198" ordinal="1" offset="7" sl="34" sc="9" el="34" ec="10" bec="0" bev="0" fileid="12" />
                <SequencePoint vc="0" uspid="199" ordinal="2" offset="8" sl="35" sc="9" el="35" ec="10" bec="0" bev="0" fileid="12" />
              </SequencePoints>
              <BranchPoints />
              <MethodPoint xsi:type="SequencePoint" vc="0" uspid="197" ordinal="0" offset="0" sl="33" sc="9" el="33" ec="29" bec="0" bev="0" fileid="12" />
            </Method>
          </Methods>
        </Class>
        <Class>
          <Summary numSequencePoints="4" visitedSequencePoints="0" numBranchPoints="2" visitedBranchPoints="0" sequenceCoverage="0" branchCoverage="0" maxCyclomaticComplexity="1" minCyclomaticComplexity="1" maxCrapScore="2" minCrapScore="2" visitedClasses="0" numClasses="1" visitedMethods="0" numMethods="2" />
          <FullName>SamplePortsWpf.Properties.Settings</FullName>
          <Methods>
            <Method visited="false" cyclomaticComplexity="1" nPathComplexity="0" sequenceCoverage="0" branchCoverage="0" crapScore="2" isConstructor="false" isStatic="true" isGetter="true" isSetter="false">
              <Summary numSequencePoints="3" visitedSequencePoints="0" numBranchPoints="1" visitedBranchPoints="0" sequenceCoverage="0" branchCoverage="0" maxCyclomaticComplexity="1" minCyclomaticComplexity="1" maxCrapScore="2" minCrapScore="2" visitedClasses="0" numClasses="0" visitedMethods="0" numMethods="1" />
              <MetadataToken>100663334</MetadataToken>
              <Name>SamplePortsWpf.Properties.Settings SamplePortsWpf.Properties.Settings::get_Default()</Name>
              <FileRef uid="13" />
              <SequencePoints>
                <SequencePoint vc="0" uspid="200" ordinal="0" offset="0" sl="23" sc="17" el="23" ec="18" bec="0" bev="0" fileid="13" />
                <SequencePoint vc="0" uspid="201" ordinal="1" offset="1" sl="24" sc="17" el="24" ec="40" bec="0" bev="0" fileid="13" />
                <SequencePoint vc="0" uspid="202" ordinal="2" offset="9" sl="25" sc="13" el="25" ec="14" bec="0" bev="0" fileid="13" />
              </SequencePoints>
              <BranchPoints />
              <MethodPoint xsi:type="SequencePoint" vc="0" uspid="200" ordinal="0" offset="0" sl="23" sc="17" el="23" ec="18" bec="0" bev="0" fileid="13" />
            </Method>
            <Method visited="false" cyclomaticComplexity="1" nPathComplexity="0" sequenceCoverage="0" branchCoverage="0" crapScore="2" isConstructor="true" isStatic="false" isGetter="false" isSetter="false">
              <Summary numSequencePoints="0" visitedSequencePoints="0" numBranchPoints="0" visitedBranchPoints="0" sequenceCoverage="0" branchCoverage="0" maxCyclomaticComplexity="1" minCyclomaticComplexity="1" maxCrapScore="2" minCrapScore="2" visitedClasses="0" numClasses="0" visitedMethods="0" numMethods="0" />
              <MetadataToken>100663335</MetadataToken>
              <Name>System.Void SamplePortsWpf.Properties.Settings::.ctor()</Name>
              <SequencePoints />
              <BranchPoints />
              <MethodPoint vc="0" uspid="203" ordinal="0" offset="0" />
            </Method>
            <Method visited="false" cyclomaticComplexity="1" nPathComplexity="0" sequenceCoverage="0" branchCoverage="0" crapScore="2" isConstructor="true" isStatic="true" isGetter="false" isSetter="false">
              <Summary numSequencePoints="1" visitedSequencePoints="0" numBranchPoints="1" visitedBranchPoints="0" sequenceCoverage="0" branchCoverage="0" maxCyclomaticComplexity="1" minCyclomaticComplexity="1" maxCrapScore="2" minCrapScore="2" visitedClasses="0" numClasses="0" visitedMethods="0" numMethods="1" />
              <MetadataToken>100663336</MetadataToken>
              <Name>System.Void SamplePortsWpf.Properties.Settings::.cctor()</Name>
              <FileRef uid="13" />
              <SequencePoints>
                <SequencePoint vc="0" uspid="204" ordinal="0" offset="0" sl="20" sc="9" el="20" ec="147" bec="0" bev="0" fileid="13" />
              </SequencePoints>
              <BranchPoints />
              <MethodPoint xsi:type="SequencePoint" vc="0" uspid="204" ordinal="0" offset="0" sl="20" sc="9" el="20" ec="147" bec="0" bev="0" fileid="13" />
            </Method>
          </Methods>
        </Class>
      </Classes>
      <TrackedMethods />
    </Module>
  </Modules>
</CoverageSession>